{"C:\\Users\\Phil\\WebstormProjects\\udemy-react-course\\expensify-app\\src\\actions\\expenses.js": {"path":"C:\\Users\\Phil\\WebstormProjects\\udemy-react-course\\expensify-app\\src\\actions\\expenses.js","statementMap":{"0":{"start":{"line":3,"column":26},"end":{"line":17,"column":2}},"1":{"start":{"line":8,"column":11},"end":{"line":17,"column":1}},"2":{"start":{"line":19,"column":30},"end":{"line":22,"column":2}},"3":{"start":{"line":19,"column":48},"end":{"line":22,"column":1}},"4":{"start":{"line":24,"column":27},"end":{"line":28,"column":2}},"5":{"start":{"line":24,"column":45},"end":{"line":28,"column":1}}},"fnMap":{"0":{"name":"(anonymous_0)","decl":{"start":{"line":3,"column":26},"end":{"line":3,"column":27}},"loc":{"start":{"line":8,"column":11},"end":{"line":17,"column":1}},"line":8},"1":{"name":"(anonymous_1)","decl":{"start":{"line":19,"column":30},"end":{"line":19,"column":31}},"loc":{"start":{"line":19,"column":48},"end":{"line":22,"column":1}},"line":19},"2":{"name":"(anonymous_2)","decl":{"start":{"line":24,"column":27},"end":{"line":24,"column":28}},"loc":{"start":{"line":24,"column":45},"end":{"line":28,"column":1}},"line":24}},"branchMap":{"0":{"loc":{"start":{"line":4,"column":8},"end":{"line":4,"column":24}},"type":"default-arg","locations":[{"start":{"line":4,"column":22},"end":{"line":4,"column":24}}],"line":4},"1":{"loc":{"start":{"line":5,"column":8},"end":{"line":5,"column":17}},"type":"default-arg","locations":[{"start":{"line":5,"column":15},"end":{"line":5,"column":17}}],"line":5},"2":{"loc":{"start":{"line":6,"column":8},"end":{"line":6,"column":18}},"type":"default-arg","locations":[{"start":{"line":6,"column":17},"end":{"line":6,"column":18}}],"line":6},"3":{"loc":{"start":{"line":7,"column":8},"end":{"line":7,"column":21}},"type":"default-arg","locations":[{"start":{"line":7,"column":20},"end":{"line":7,"column":21}}],"line":7},"4":{"loc":{"start":{"line":19,"column":31},"end":{"line":19,"column":42}},"type":"default-arg","locations":[{"start":{"line":19,"column":40},"end":{"line":19,"column":42}}],"line":19}},"s":{"0":3,"1":2,"2":3,"3":1,"4":3,"5":1},"f":{"0":2,"1":1,"2":1},"b":{"0":[1],"1":[1],"2":[1],"3":[1],"4":[0]},"_coverageSchema":"332fd63041d2c1bcb487cc26dd0d5f7d97098a6c","hash":"1360d05527df0340f4bb895ccc57988c0c78a53b"}
,"C:\\Users\\Phil\\WebstormProjects\\udemy-react-course\\expensify-app\\src\\actions\\filters.js": {"path":"C:\\Users\\Phil\\WebstormProjects\\udemy-react-course\\expensify-app\\src\\actions\\filters.js","statementMap":{"0":{"start":{"line":1,"column":29},"end":{"line":4,"column":2}},"1":{"start":{"line":1,"column":45},"end":{"line":4,"column":1}},"2":{"start":{"line":6,"column":28},"end":{"line":8,"column":2}},"3":{"start":{"line":6,"column":35},"end":{"line":8,"column":1}},"4":{"start":{"line":10,"column":26},"end":{"line":12,"column":2}},"5":{"start":{"line":10,"column":33},"end":{"line":12,"column":1}},"6":{"start":{"line":14,"column":28},"end":{"line":17,"column":2}},"7":{"start":{"line":14,"column":44},"end":{"line":17,"column":1}},"8":{"start":{"line":19,"column":26},"end":{"line":22,"column":2}},"9":{"start":{"line":19,"column":40},"end":{"line":22,"column":1}}},"fnMap":{"0":{"name":"(anonymous_0)","decl":{"start":{"line":1,"column":29},"end":{"line":1,"column":30}},"loc":{"start":{"line":1,"column":45},"end":{"line":4,"column":1}},"line":1},"1":{"name":"(anonymous_1)","decl":{"start":{"line":6,"column":28},"end":{"line":6,"column":29}},"loc":{"start":{"line":6,"column":35},"end":{"line":8,"column":1}},"line":6},"2":{"name":"(anonymous_2)","decl":{"start":{"line":10,"column":26},"end":{"line":10,"column":27}},"loc":{"start":{"line":10,"column":33},"end":{"line":12,"column":1}},"line":10},"3":{"name":"(anonymous_3)","decl":{"start":{"line":14,"column":28},"end":{"line":14,"column":29}},"loc":{"start":{"line":14,"column":44},"end":{"line":17,"column":1}},"line":14},"4":{"name":"(anonymous_4)","decl":{"start":{"line":19,"column":26},"end":{"line":19,"column":27}},"loc":{"start":{"line":19,"column":40},"end":{"line":22,"column":1}},"line":19}},"branchMap":{"0":{"loc":{"start":{"line":1,"column":30},"end":{"line":1,"column":39}},"type":"default-arg","locations":[{"start":{"line":1,"column":37},"end":{"line":1,"column":39}}],"line":1}},"s":{"0":3,"1":2,"2":3,"3":1,"4":3,"5":1,"6":3,"7":1,"8":3,"9":1},"f":{"0":2,"1":1,"2":1,"3":1,"4":1},"b":{"0":[1]},"_coverageSchema":"332fd63041d2c1bcb487cc26dd0d5f7d97098a6c","hash":"5bedbb4b69c5d88a3038f907405da0d1862ecd9e"}
,"C:\\Users\\Phil\\WebstormProjects\\udemy-react-course\\expensify-app\\src\\components\\AddExpensePage.js": {"path":"C:\\Users\\Phil\\WebstormProjects\\udemy-react-course\\expensify-app\\src\\components\\AddExpensePage.js","statementMap":{"0":{"start":{"line":9,"column":8},"end":{"line":9,"column":39}},"1":{"start":{"line":10,"column":8},"end":{"line":10,"column":37}},"2":{"start":{"line":13,"column":8},"end":{"line":20,"column":10}},"3":{"start":{"line":24,"column":27},"end":{"line":26,"column":2}},"4":{"start":{"line":24,"column":42},"end":{"line":26,"column":1}},"5":{"start":{"line":25,"column":29},"end":{"line":25,"column":58}}},"fnMap":{"0":{"name":"(anonymous_0)","decl":{"start":{"line":8,"column":15},"end":{"line":8,"column":16}},"loc":{"start":{"line":8,"column":28},"end":{"line":11,"column":5}},"line":8},"1":{"name":"(anonymous_1)","decl":{"start":{"line":12,"column":4},"end":{"line":12,"column":5}},"loc":{"start":{"line":12,"column":13},"end":{"line":21,"column":5}},"line":12},"2":{"name":"(anonymous_2)","decl":{"start":{"line":24,"column":27},"end":{"line":24,"column":28}},"loc":{"start":{"line":24,"column":42},"end":{"line":26,"column":1}},"line":24},"3":{"name":"(anonymous_3)","decl":{"start":{"line":25,"column":16},"end":{"line":25,"column":17}},"loc":{"start":{"line":25,"column":29},"end":{"line":25,"column":58}},"line":25}},"branchMap":{},"s":{"0":1,"1":1,"2":2,"3":1,"4":0,"5":0},"f":{"0":1,"1":2,"2":0,"3":0},"b":{},"_coverageSchema":"332fd63041d2c1bcb487cc26dd0d5f7d97098a6c","hash":"2a8aae16a1c3bef668be460d97230a76134050c5"}
,"C:\\Users\\Phil\\WebstormProjects\\udemy-react-course\\expensify-app\\src\\components\\EditExpensePage.js": {"path":"C:\\Users\\Phil\\WebstormProjects\\udemy-react-course\\expensify-app\\src\\components\\EditExpensePage.js","statementMap":{"0":{"start":{"line":9,"column":8},"end":{"line":9,"column":63}},"1":{"start":{"line":10,"column":8},"end":{"line":10,"column":37}},"2":{"start":{"line":13,"column":8},"end":{"line":13,"column":64}},"3":{"start":{"line":14,"column":8},"end":{"line":14,"column":37}},"4":{"start":{"line":17,"column":8},"end":{"line":25,"column":10}},"5":{"start":{"line":29,"column":24},"end":{"line":31,"column":2}},"6":{"start":{"line":29,"column":43},"end":{"line":31,"column":1}},"7":{"start":{"line":30,"column":46},"end":{"line":30,"column":82}},"8":{"start":{"line":33,"column":27},"end":{"line":40,"column":2}},"9":{"start":{"line":33,"column":42},"end":{"line":40,"column":1}},"10":{"start":{"line":35,"column":8},"end":{"line":35,"column":43}},"11":{"start":{"line":38,"column":8},"end":{"line":38,"column":38}}},"fnMap":{"0":{"name":"(anonymous_0)","decl":{"start":{"line":8,"column":15},"end":{"line":8,"column":16}},"loc":{"start":{"line":8,"column":28},"end":{"line":11,"column":5}},"line":8},"1":{"name":"(anonymous_1)","decl":{"start":{"line":12,"column":15},"end":{"line":12,"column":16}},"loc":{"start":{"line":12,"column":21},"end":{"line":15,"column":5}},"line":12},"2":{"name":"(anonymous_2)","decl":{"start":{"line":16,"column":4},"end":{"line":16,"column":5}},"loc":{"start":{"line":16,"column":13},"end":{"line":26,"column":5}},"line":16},"3":{"name":"(anonymous_3)","decl":{"start":{"line":29,"column":24},"end":{"line":29,"column":25}},"loc":{"start":{"line":29,"column":43},"end":{"line":31,"column":1}},"line":29},"4":{"name":"(anonymous_4)","decl":{"start":{"line":30,"column":33},"end":{"line":30,"column":34}},"loc":{"start":{"line":30,"column":46},"end":{"line":30,"column":82}},"line":30},"5":{"name":"(anonymous_5)","decl":{"start":{"line":33,"column":27},"end":{"line":33,"column":28}},"loc":{"start":{"line":33,"column":42},"end":{"line":40,"column":1}},"line":33},"6":{"name":"(anonymous_6)","decl":{"start":{"line":34,"column":17},"end":{"line":34,"column":18}},"loc":{"start":{"line":34,"column":34},"end":{"line":36,"column":5}},"line":34},"7":{"name":"(anonymous_7)","decl":{"start":{"line":37,"column":19},"end":{"line":37,"column":20}},"loc":{"start":{"line":37,"column":29},"end":{"line":39,"column":5}},"line":37}},"branchMap":{},"s":{"0":1,"1":1,"2":1,"3":1,"4":3,"5":1,"6":0,"7":0,"8":1,"9":0,"10":0,"11":0},"f":{"0":1,"1":1,"2":3,"3":0,"4":0,"5":0,"6":0,"7":0},"b":{},"_coverageSchema":"332fd63041d2c1bcb487cc26dd0d5f7d97098a6c","hash":"2b63028db2600e3051b0a46bb9b62c592e9d5749"}
,"C:\\Users\\Phil\\WebstormProjects\\udemy-react-course\\expensify-app\\src\\components\\ExpenseDashboardPage.js": {"path":"C:\\Users\\Phil\\WebstormProjects\\udemy-react-course\\expensify-app\\src\\components\\ExpenseDashboardPage.js","statementMap":{"0":{"start":{"line":5,"column":29},"end":{"line":10,"column":1}},"1":{"start":{"line":6,"column":4},"end":{"line":9,"column":10}}},"fnMap":{"0":{"name":"(anonymous_0)","decl":{"start":{"line":5,"column":29},"end":{"line":5,"column":30}},"loc":{"start":{"line":6,"column":4},"end":{"line":9,"column":10}},"line":6}},"branchMap":{},"s":{"0":1,"1":1},"f":{"0":1},"b":{},"_coverageSchema":"332fd63041d2c1bcb487cc26dd0d5f7d97098a6c","hash":"7154062d2c18adef61b95ae9780b329555cf894a"}
,"C:\\Users\\Phil\\WebstormProjects\\udemy-react-course\\expensify-app\\src\\components\\ExpenseForm.js": {"path":"C:\\Users\\Phil\\WebstormProjects\\udemy-react-course\\expensify-app\\src\\components\\ExpenseForm.js","statementMap":{"0":{"start":{"line":8,"column":8},"end":{"line":8,"column":21}},"1":{"start":{"line":10,"column":8},"end":{"line":17,"column":10}},"2":{"start":{"line":21,"column":28},"end":{"line":21,"column":42}},"3":{"start":{"line":22,"column":8},"end":{"line":22,"column":47}},"4":{"start":{"line":22,"column":29},"end":{"line":22,"column":44}},"5":{"start":{"line":26,"column":21},"end":{"line":26,"column":35}},"6":{"start":{"line":27,"column":8},"end":{"line":27,"column":40}},"7":{"start":{"line":27,"column":29},"end":{"line":27,"column":37}},"8":{"start":{"line":31,"column":23},"end":{"line":31,"column":37}},"9":{"start":{"line":32,"column":8},"end":{"line":34,"column":9}},"10":{"start":{"line":33,"column":12},"end":{"line":33,"column":46}},"11":{"start":{"line":33,"column":33},"end":{"line":33,"column":43}},"12":{"start":{"line":38,"column":8},"end":{"line":40,"column":9}},"13":{"start":{"line":39,"column":12},"end":{"line":39,"column":49}},"14":{"start":{"line":39,"column":33},"end":{"line":39,"column":46}},"15":{"start":{"line":44,"column":8},"end":{"line":44,"column":60}},"16":{"start":{"line":44,"column":29},"end":{"line":44,"column":57}},"17":{"start":{"line":48,"column":8},"end":{"line":50,"column":9}},"18":{"start":{"line":49,"column":12},"end":{"line":49,"column":24}},"19":{"start":{"line":51,"column":8},"end":{"line":51,"column":21}},"20":{"start":{"line":55,"column":8},"end":{"line":55,"column":27}},"21":{"start":{"line":57,"column":8},"end":{"line":67,"column":9}},"22":{"start":{"line":58,"column":12},"end":{"line":58,"column":91}},"23":{"start":{"line":58,"column":33},"end":{"line":58,"column":88}},"24":{"start":{"line":60,"column":12},"end":{"line":60,"column":49}},"25":{"start":{"line":60,"column":33},"end":{"line":60,"column":46}},"26":{"start":{"line":61,"column":12},"end":{"line":66,"column":15}},"27":{"start":{"line":71,"column":8},"end":{"line":105,"column":10}},"28":{"start":{"line":94,"column":49},"end":{"line":94,"column":76}}},"fnMap":{"0":{"name":"(anonymous_0)","decl":{"start":{"line":7,"column":4},"end":{"line":7,"column":5}},"loc":{"start":{"line":7,"column":23},"end":{"line":18,"column":5}},"line":7},"1":{"name":"(anonymous_1)","decl":{"start":{"line":20,"column":26},"end":{"line":20,"column":27}},"loc":{"start":{"line":20,"column":33},"end":{"line":23,"column":5}},"line":20},"2":{"name":"(anonymous_2)","decl":{"start":{"line":22,"column":22},"end":{"line":22,"column":23}},"loc":{"start":{"line":22,"column":29},"end":{"line":22,"column":44}},"line":22},"3":{"name":"(anonymous_3)","decl":{"start":{"line":25,"column":19},"end":{"line":25,"column":20}},"loc":{"start":{"line":25,"column":26},"end":{"line":28,"column":5}},"line":25},"4":{"name":"(anonymous_4)","decl":{"start":{"line":27,"column":22},"end":{"line":27,"column":23}},"loc":{"start":{"line":27,"column":29},"end":{"line":27,"column":37}},"line":27},"5":{"name":"(anonymous_5)","decl":{"start":{"line":30,"column":21},"end":{"line":30,"column":22}},"loc":{"start":{"line":30,"column":28},"end":{"line":35,"column":5}},"line":30},"6":{"name":"(anonymous_6)","decl":{"start":{"line":33,"column":26},"end":{"line":33,"column":27}},"loc":{"start":{"line":33,"column":33},"end":{"line":33,"column":43}},"line":33},"7":{"name":"(anonymous_7)","decl":{"start":{"line":37,"column":19},"end":{"line":37,"column":20}},"loc":{"start":{"line":37,"column":34},"end":{"line":41,"column":5}},"line":37},"8":{"name":"(anonymous_8)","decl":{"start":{"line":39,"column":26},"end":{"line":39,"column":27}},"loc":{"start":{"line":39,"column":33},"end":{"line":39,"column":46}},"line":39},"9":{"name":"(anonymous_9)","decl":{"start":{"line":43,"column":20},"end":{"line":43,"column":21}},"loc":{"start":{"line":43,"column":37},"end":{"line":45,"column":5}},"line":43},"10":{"name":"(anonymous_10)","decl":{"start":{"line":44,"column":22},"end":{"line":44,"column":23}},"loc":{"start":{"line":44,"column":29},"end":{"line":44,"column":57}},"line":44},"11":{"name":"(anonymous_11)","decl":{"start":{"line":47,"column":24},"end":{"line":47,"column":25}},"loc":{"start":{"line":47,"column":33},"end":{"line":52,"column":5}},"line":47},"12":{"name":"(anonymous_12)","decl":{"start":{"line":54,"column":15},"end":{"line":54,"column":16}},"loc":{"start":{"line":54,"column":22},"end":{"line":68,"column":5}},"line":54},"13":{"name":"(anonymous_13)","decl":{"start":{"line":58,"column":26},"end":{"line":58,"column":27}},"loc":{"start":{"line":58,"column":33},"end":{"line":58,"column":88}},"line":58},"14":{"name":"(anonymous_14)","decl":{"start":{"line":60,"column":26},"end":{"line":60,"column":27}},"loc":{"start":{"line":60,"column":33},"end":{"line":60,"column":46}},"line":60},"15":{"name":"(anonymous_15)","decl":{"start":{"line":70,"column":4},"end":{"line":70,"column":5}},"loc":{"start":{"line":70,"column":13},"end":{"line":106,"column":5}},"line":70},"16":{"name":"(anonymous_16)","decl":{"start":{"line":94,"column":40},"end":{"line":94,"column":41}},"loc":{"start":{"line":94,"column":49},"end":{"line":94,"column":76}},"line":94}},"branchMap":{"0":{"loc":{"start":{"line":11,"column":25},"end":{"line":11,"column":71}},"type":"cond-expr","locations":[{"start":{"line":11,"column":41},"end":{"line":11,"column":66}},{"start":{"line":11,"column":69},"end":{"line":11,"column":71}}],"line":11},"1":{"loc":{"start":{"line":12,"column":20},"end":{"line":12,"column":78}},"type":"cond-expr","locations":[{"start":{"line":12,"column":36},"end":{"line":12,"column":73}},{"start":{"line":12,"column":76},"end":{"line":12,"column":78}}],"line":12},"2":{"loc":{"start":{"line":13,"column":18},"end":{"line":13,"column":57}},"type":"cond-expr","locations":[{"start":{"line":13,"column":34},"end":{"line":13,"column":52}},{"start":{"line":13,"column":55},"end":{"line":13,"column":57}}],"line":13},"3":{"loc":{"start":{"line":14,"column":23},"end":{"line":14,"column":81}},"type":"cond-expr","locations":[{"start":{"line":14,"column":39},"end":{"line":14,"column":70}},{"start":{"line":14,"column":73},"end":{"line":14,"column":81}}],"line":14},"4":{"loc":{"start":{"line":32,"column":8},"end":{"line":34,"column":9}},"type":"if","locations":[{"start":{"line":32,"column":8},"end":{"line":34,"column":9}},{"start":{"line":32,"column":8},"end":{"line":34,"column":9}}],"line":32},"5":{"loc":{"start":{"line":32,"column":12},"end":{"line":32,"column":56}},"type":"binary-expr","locations":[{"start":{"line":32,"column":12},"end":{"line":32,"column":19}},{"start":{"line":32,"column":23},"end":{"line":32,"column":56}}],"line":32},"6":{"loc":{"start":{"line":38,"column":8},"end":{"line":40,"column":9}},"type":"if","locations":[{"start":{"line":38,"column":8},"end":{"line":40,"column":9}},{"start":{"line":38,"column":8},"end":{"line":40,"column":9}}],"line":38},"7":{"loc":{"start":{"line":48,"column":8},"end":{"line":50,"column":9}},"type":"if","locations":[{"start":{"line":48,"column":8},"end":{"line":50,"column":9}},{"start":{"line":48,"column":8},"end":{"line":50,"column":9}}],"line":48},"8":{"loc":{"start":{"line":57,"column":8},"end":{"line":67,"column":9}},"type":"if","locations":[{"start":{"line":57,"column":8},"end":{"line":67,"column":9}},{"start":{"line":57,"column":8},"end":{"line":67,"column":9}}],"line":57},"9":{"loc":{"start":{"line":57,"column":12},"end":{"line":57,"column":57}},"type":"binary-expr","locations":[{"start":{"line":57,"column":12},"end":{"line":57,"column":35}},{"start":{"line":57,"column":39},"end":{"line":57,"column":57}}],"line":57},"10":{"loc":{"start":{"line":73,"column":18},"end":{"line":73,"column":72}},"type":"binary-expr","locations":[{"start":{"line":73,"column":18},"end":{"line":73,"column":34}},{"start":{"line":73,"column":38},"end":{"line":73,"column":72}}],"line":73}},"s":{"0":10,"1":10,"2":1,"3":1,"4":1,"5":1,"6":1,"7":1,"8":2,"9":2,"10":1,"11":1,"12":1,"13":1,"14":1,"15":1,"16":1,"17":0,"18":0,"19":0,"20":2,"21":2,"22":1,"23":1,"24":1,"25":1,"26":1,"27":17,"28":0},"f":{"0":10,"1":1,"2":1,"3":1,"4":1,"5":2,"6":1,"7":1,"8":1,"9":1,"10":1,"11":0,"12":2,"13":1,"14":1,"15":17,"16":0},"b":{"0":[2,8],"1":[2,8],"2":[2,8],"3":[2,8],"4":[1,1],"5":[2,2],"6":[1,0],"7":[0,0],"8":[1,1],"9":[2,1],"10":[17,1]},"_coverageSchema":"332fd63041d2c1bcb487cc26dd0d5f7d97098a6c","hash":"f8b45dc6bddb09b21142eae3e7738d14cfe66fd6"}
,"C:\\Users\\Phil\\WebstormProjects\\udemy-react-course\\expensify-app\\src\\components\\ExpenseList.js": {"path":"C:\\Users\\Phil\\WebstormProjects\\udemy-react-course\\expensify-app\\src\\components\\ExpenseList.js","statementMap":{"0":{"start":{"line":6,"column":27},"end":{"line":18,"column":1}},"1":{"start":{"line":7,"column":4},"end":{"line":17,"column":10}},"2":{"start":{"line":13,"column":20},"end":{"line":13,"column":80}},"3":{"start":{"line":20,"column":24},"end":{"line":24,"column":1}},"4":{"start":{"line":21,"column":4},"end":{"line":23,"column":6}}},"fnMap":{"0":{"name":"(anonymous_0)","decl":{"start":{"line":6,"column":27},"end":{"line":6,"column":28}},"loc":{"start":{"line":7,"column":4},"end":{"line":17,"column":10}},"line":7},"1":{"name":"(anonymous_1)","decl":{"start":{"line":12,"column":35},"end":{"line":12,"column":36}},"loc":{"start":{"line":12,"column":48},"end":{"line":14,"column":17}},"line":12},"2":{"name":"(anonymous_2)","decl":{"start":{"line":20,"column":24},"end":{"line":20,"column":25}},"loc":{"start":{"line":20,"column":35},"end":{"line":24,"column":1}},"line":20}},"branchMap":{"0":{"loc":{"start":{"line":9,"column":12},"end":{"line":15,"column":13}},"type":"cond-expr","locations":[{"start":{"line":10,"column":16},"end":{"line":10,"column":34}},{"start":{"line":12,"column":16},"end":{"line":14,"column":18}}],"line":9}},"s":{"0":2,"1":2,"2":3,"3":2,"4":0},"f":{"0":2,"1":3,"2":0},"b":{"0":[1,1]},"_coverageSchema":"332fd63041d2c1bcb487cc26dd0d5f7d97098a6c","hash":"4c13d7bcfdcb843921f72001c3cb70807b2d6933"}
,"C:\\Users\\Phil\\WebstormProjects\\udemy-react-course\\expensify-app\\src\\components\\ExpenseListFilters.js": {"path":"C:\\Users\\Phil\\WebstormProjects\\udemy-react-course\\expensify-app\\src\\components\\ExpenseListFilters.js","statementMap":{"0":{"start":{"line":12,"column":8},"end":{"line":12,"column":43}},"1":{"start":{"line":13,"column":8},"end":{"line":13,"column":39}},"2":{"start":{"line":17,"column":8},"end":{"line":17,"column":51}},"3":{"start":{"line":17,"column":29},"end":{"line":17,"column":48}},"4":{"start":{"line":21,"column":8},"end":{"line":21,"column":49}},"5":{"start":{"line":25,"column":8},"end":{"line":29,"column":9}},"6":{"start":{"line":26,"column":12},"end":{"line":26,"column":36}},"7":{"start":{"line":27,"column":15},"end":{"line":29,"column":9}},"8":{"start":{"line":28,"column":12},"end":{"line":28,"column":38}},"9":{"start":{"line":33,"column":8},"end":{"line":58,"column":10}},"10":{"start":{"line":55,"column":43},"end":{"line":55,"column":48}},"11":{"start":{"line":62,"column":24},"end":{"line":64,"column":2}},"12":{"start":{"line":62,"column":36},"end":{"line":64,"column":1}},"13":{"start":{"line":66,"column":27},"end":{"line":72,"column":2}},"14":{"start":{"line":66,"column":42},"end":{"line":72,"column":1}},"15":{"start":{"line":67,"column":29},"end":{"line":67,"column":58}},"16":{"start":{"line":68,"column":22},"end":{"line":68,"column":44}},"17":{"start":{"line":69,"column":24},"end":{"line":69,"column":48}},"18":{"start":{"line":70,"column":33},"end":{"line":70,"column":66}},"19":{"start":{"line":71,"column":29},"end":{"line":71,"column":58}}},"fnMap":{"0":{"name":"(anonymous_0)","decl":{"start":{"line":11,"column":20},"end":{"line":11,"column":21}},"loc":{"start":{"line":11,"column":48},"end":{"line":14,"column":5}},"line":11},"1":{"name":"(anonymous_1)","decl":{"start":{"line":16,"column":20},"end":{"line":16,"column":21}},"loc":{"start":{"line":16,"column":41},"end":{"line":18,"column":5}},"line":16},"2":{"name":"(anonymous_2)","decl":{"start":{"line":17,"column":22},"end":{"line":17,"column":23}},"loc":{"start":{"line":17,"column":29},"end":{"line":17,"column":48}},"line":17},"3":{"name":"(anonymous_3)","decl":{"start":{"line":20,"column":19},"end":{"line":20,"column":20}},"loc":{"start":{"line":20,"column":26},"end":{"line":22,"column":5}},"line":20},"4":{"name":"(anonymous_4)","decl":{"start":{"line":24,"column":19},"end":{"line":24,"column":20}},"loc":{"start":{"line":24,"column":26},"end":{"line":30,"column":5}},"line":24},"5":{"name":"(anonymous_5)","decl":{"start":{"line":32,"column":4},"end":{"line":32,"column":5}},"loc":{"start":{"line":32,"column":13},"end":{"line":59,"column":5}},"line":32},"6":{"name":"(anonymous_6)","decl":{"start":{"line":55,"column":37},"end":{"line":55,"column":38}},"loc":{"start":{"line":55,"column":43},"end":{"line":55,"column":48}},"line":55},"7":{"name":"(anonymous_7)","decl":{"start":{"line":62,"column":24},"end":{"line":62,"column":25}},"loc":{"start":{"line":62,"column":36},"end":{"line":64,"column":1}},"line":62},"8":{"name":"(anonymous_8)","decl":{"start":{"line":66,"column":27},"end":{"line":66,"column":28}},"loc":{"start":{"line":66,"column":42},"end":{"line":72,"column":1}},"line":66},"9":{"name":"(anonymous_9)","decl":{"start":{"line":67,"column":19},"end":{"line":67,"column":20}},"loc":{"start":{"line":67,"column":29},"end":{"line":67,"column":58}},"line":67},"10":{"name":"(anonymous_10)","decl":{"start":{"line":68,"column":16},"end":{"line":68,"column":17}},"loc":{"start":{"line":68,"column":22},"end":{"line":68,"column":44}},"line":68},"11":{"name":"(anonymous_11)","decl":{"start":{"line":69,"column":18},"end":{"line":69,"column":19}},"loc":{"start":{"line":69,"column":24},"end":{"line":69,"column":48}},"line":69},"12":{"name":"(anonymous_12)","decl":{"start":{"line":70,"column":18},"end":{"line":70,"column":19}},"loc":{"start":{"line":70,"column":33},"end":{"line":70,"column":66}},"line":70},"13":{"name":"(anonymous_13)","decl":{"start":{"line":71,"column":16},"end":{"line":71,"column":17}},"loc":{"start":{"line":71,"column":29},"end":{"line":71,"column":58}},"line":71}},"branchMap":{"0":{"loc":{"start":{"line":25,"column":8},"end":{"line":29,"column":9}},"type":"if","locations":[{"start":{"line":25,"column":8},"end":{"line":29,"column":9}},{"start":{"line":25,"column":8},"end":{"line":29,"column":9}}],"line":25},"1":{"loc":{"start":{"line":27,"column":15},"end":{"line":29,"column":9}},"type":"if","locations":[{"start":{"line":27,"column":15},"end":{"line":29,"column":9}},{"start":{"line":27,"column":15},"end":{"line":29,"column":9}}],"line":27}},"s":{"0":1,"1":1,"2":1,"3":1,"4":1,"5":2,"6":1,"7":1,"8":1,"9":10,"10":0,"11":2,"12":0,"13":2,"14":0,"15":0,"16":0,"17":0,"18":0,"19":0},"f":{"0":1,"1":1,"2":1,"3":1,"4":2,"5":10,"6":0,"7":0,"8":0,"9":0,"10":0,"11":0,"12":0,"13":0},"b":{"0":[1,1],"1":[1,0]},"_coverageSchema":"332fd63041d2c1bcb487cc26dd0d5f7d97098a6c","hash":"4dc0920ffe7b9f1831498ce02f985b0d406df4c1"}
,"C:\\Users\\Phil\\WebstormProjects\\udemy-react-course\\expensify-app\\src\\components\\ExpenseListItem.js": {"path":"C:\\Users\\Phil\\WebstormProjects\\udemy-react-course\\expensify-app\\src\\components\\ExpenseListItem.js","statementMap":{"0":{"start":{"line":4,"column":24},"end":{"line":12,"column":1}},"1":{"start":{"line":5,"column":4},"end":{"line":11,"column":10}}},"fnMap":{"0":{"name":"(anonymous_0)","decl":{"start":{"line":4,"column":24},"end":{"line":4,"column":25}},"loc":{"start":{"line":5,"column":4},"end":{"line":11,"column":10}},"line":5}},"branchMap":{},"s":{"0":3,"1":1},"f":{"0":1},"b":{},"_coverageSchema":"332fd63041d2c1bcb487cc26dd0d5f7d97098a6c","hash":"a48e69947b3e3a3b8e070770b71c9766cb555256"}
,"C:\\Users\\Phil\\WebstormProjects\\udemy-react-course\\expensify-app\\src\\components\\Header.js": {"path":"C:\\Users\\Phil\\WebstormProjects\\udemy-react-course\\expensify-app\\src\\components\\Header.js","statementMap":{"0":{"start":{"line":4,"column":15},"end":{"line":10,"column":1}},"1":{"start":{"line":5,"column":4},"end":{"line":9,"column":13}}},"fnMap":{"0":{"name":"(anonymous_0)","decl":{"start":{"line":4,"column":15},"end":{"line":4,"column":16}},"loc":{"start":{"line":5,"column":4},"end":{"line":9,"column":13}},"line":5}},"branchMap":{},"s":{"0":1,"1":1},"f":{"0":1},"b":{},"_coverageSchema":"332fd63041d2c1bcb487cc26dd0d5f7d97098a6c","hash":"2e3cc3a71be472693c819e496c6b65b28c9583b0"}
,"C:\\Users\\Phil\\WebstormProjects\\udemy-react-course\\expensify-app\\src\\components\\NotFoundPage.js": {"path":"C:\\Users\\Phil\\WebstormProjects\\udemy-react-course\\expensify-app\\src\\components\\NotFoundPage.js","statementMap":{"0":{"start":{"line":4,"column":21},"end":{"line":8,"column":1}},"1":{"start":{"line":5,"column":4},"end":{"line":7,"column":10}}},"fnMap":{"0":{"name":"(anonymous_0)","decl":{"start":{"line":4,"column":21},"end":{"line":4,"column":22}},"loc":{"start":{"line":5,"column":4},"end":{"line":7,"column":10}},"line":5}},"branchMap":{},"s":{"0":1,"1":1},"f":{"0":1},"b":{},"_coverageSchema":"332fd63041d2c1bcb487cc26dd0d5f7d97098a6c","hash":"cf77bdd75d425efe6f05232013fe5d3b6aef3b60"}
,"C:\\Users\\Phil\\WebstormProjects\\udemy-react-course\\expensify-app\\src\\reducers\\expenses.js": {"path":"C:\\Users\\Phil\\WebstormProjects\\udemy-react-course\\expensify-app\\src\\reducers\\expenses.js","statementMap":{"0":{"start":{"line":2,"column":4},"end":{"line":23,"column":5}},"1":{"start":{"line":4,"column":12},"end":{"line":7,"column":14}},"2":{"start":{"line":9,"column":12},"end":{"line":9,"column":62}},"3":{"start":{"line":9,"column":44},"end":{"line":9,"column":60}},"4":{"start":{"line":11,"column":12},"end":{"line":20,"column":15}},"5":{"start":{"line":12,"column":16},"end":{"line":19,"column":17}},"6":{"start":{"line":13,"column":20},"end":{"line":16,"column":22}},"7":{"start":{"line":18,"column":20},"end":{"line":18,"column":35}},"8":{"start":{"line":22,"column":12},"end":{"line":22,"column":25}}},"fnMap":{"0":{"name":"(anonymous_0)","decl":{"start":{"line":1,"column":15},"end":{"line":1,"column":16}},"loc":{"start":{"line":1,"column":39},"end":{"line":24,"column":1}},"line":1},"1":{"name":"(anonymous_1)","decl":{"start":{"line":9,"column":32},"end":{"line":9,"column":33}},"loc":{"start":{"line":9,"column":44},"end":{"line":9,"column":60}},"line":9},"2":{"name":"(anonymous_2)","decl":{"start":{"line":11,"column":29},"end":{"line":11,"column":30}},"loc":{"start":{"line":11,"column":42},"end":{"line":20,"column":13}},"line":11}},"branchMap":{"0":{"loc":{"start":{"line":1,"column":16},"end":{"line":1,"column":26}},"type":"default-arg","locations":[{"start":{"line":1,"column":24},"end":{"line":1,"column":26}}],"line":1},"1":{"loc":{"start":{"line":2,"column":4},"end":{"line":23,"column":5}},"type":"switch","locations":[{"start":{"line":3,"column":8},"end":{"line":7,"column":14}},{"start":{"line":8,"column":8},"end":{"line":9,"column":62}},{"start":{"line":10,"column":8},"end":{"line":20,"column":15}},{"start":{"line":21,"column":8},"end":{"line":22,"column":25}}],"line":2},"2":{"loc":{"start":{"line":12,"column":16},"end":{"line":19,"column":17}},"type":"if","locations":[{"start":{"line":12,"column":16},"end":{"line":19,"column":17}},{"start":{"line":12,"column":16},"end":{"line":19,"column":17}}],"line":12}},"s":{"0":6,"1":1,"2":2,"3":6,"4":2,"5":6,"6":1,"7":5,"8":1},"f":{"0":6,"1":6,"2":6},"b":{"0":[1],"1":[1,2,2,1],"2":[1,5]},"_coverageSchema":"332fd63041d2c1bcb487cc26dd0d5f7d97098a6c","hash":"5d4266878b1d8f579473b839f9ff0095ccd41fb7"}
,"C:\\Users\\Phil\\WebstormProjects\\udemy-react-course\\expensify-app\\src\\reducers\\filters.js": {"path":"C:\\Users\\Phil\\WebstormProjects\\udemy-react-course\\expensify-app\\src\\reducers\\filters.js","statementMap":{"0":{"start":{"line":3,"column":35},"end":{"line":8,"column":1}},"1":{"start":{"line":11,"column":4},"end":{"line":39,"column":5}},"2":{"start":{"line":13,"column":12},"end":{"line":16,"column":14}},"3":{"start":{"line":18,"column":12},"end":{"line":21,"column":14}},"4":{"start":{"line":23,"column":12},"end":{"line":26,"column":14}},"5":{"start":{"line":28,"column":12},"end":{"line":31,"column":14}},"6":{"start":{"line":33,"column":12},"end":{"line":36,"column":14}},"7":{"start":{"line":38,"column":12},"end":{"line":38,"column":25}}},"fnMap":{"0":{"name":"(anonymous_0)","decl":{"start":{"line":10,"column":15},"end":{"line":10,"column":16}},"loc":{"start":{"line":10,"column":63},"end":{"line":40,"column":1}},"line":10}},"branchMap":{"0":{"loc":{"start":{"line":10,"column":16},"end":{"line":10,"column":50}},"type":"default-arg","locations":[{"start":{"line":10,"column":24},"end":{"line":10,"column":50}}],"line":10},"1":{"loc":{"start":{"line":11,"column":4},"end":{"line":39,"column":5}},"type":"switch","locations":[{"start":{"line":12,"column":8},"end":{"line":16,"column":14}},{"start":{"line":17,"column":8},"end":{"line":21,"column":14}},{"start":{"line":22,"column":8},"end":{"line":26,"column":14}},{"start":{"line":27,"column":8},"end":{"line":31,"column":14}},{"start":{"line":32,"column":8},"end":{"line":36,"column":14}},{"start":{"line":37,"column":8},"end":{"line":38,"column":25}}],"line":11}},"s":{"0":1,"1":6,"2":1,"3":1,"4":1,"5":1,"6":1,"7":1},"f":{"0":6},"b":{"0":[5],"1":[1,1,1,1,1,1]},"_coverageSchema":"332fd63041d2c1bcb487cc26dd0d5f7d97098a6c","hash":"cffdb78175b38e2a322461a82c6145427b028448"}
,"C:\\Users\\Phil\\WebstormProjects\\udemy-react-course\\expensify-app\\src\\selectors\\expenses.js": {"path":"C:\\Users\\Phil\\WebstormProjects\\udemy-react-course\\expensify-app\\src\\selectors\\expenses.js","statementMap":{"0":{"start":{"line":4,"column":4},"end":{"line":17,"column":7}},"1":{"start":{"line":5,"column":32},"end":{"line":5,"column":57}},"2":{"start":{"line":6,"column":31},"end":{"line":6,"column":106}},"3":{"start":{"line":7,"column":29},"end":{"line":7,"column":99}},"4":{"start":{"line":8,"column":26},"end":{"line":8,"column":88}},"5":{"start":{"line":10,"column":8},"end":{"line":10,"column":59}},"6":{"start":{"line":12,"column":8},"end":{"line":16,"column":9}},"7":{"start":{"line":13,"column":12},"end":{"line":13,"column":54}},"8":{"start":{"line":14,"column":15},"end":{"line":16,"column":9}},"9":{"start":{"line":15,"column":12},"end":{"line":15,"column":48}}},"fnMap":{"0":{"name":"(anonymous_0)","decl":{"start":{"line":3,"column":15},"end":{"line":3,"column":16}},"loc":{"start":{"line":3,"column":67},"end":{"line":18,"column":1}},"line":3},"1":{"name":"(anonymous_1)","decl":{"start":{"line":4,"column":27},"end":{"line":4,"column":28}},"loc":{"start":{"line":4,"column":40},"end":{"line":11,"column":5}},"line":4},"2":{"name":"(anonymous_2)","decl":{"start":{"line":11,"column":12},"end":{"line":11,"column":13}},"loc":{"start":{"line":11,"column":22},"end":{"line":17,"column":5}},"line":11}},"branchMap":{"0":{"loc":{"start":{"line":6,"column":31},"end":{"line":6,"column":106}},"type":"cond-expr","locations":[{"start":{"line":6,"column":43},"end":{"line":6,"column":99}},{"start":{"line":6,"column":102},"end":{"line":6,"column":106}}],"line":6},"1":{"loc":{"start":{"line":7,"column":29},"end":{"line":7,"column":99}},"type":"cond-expr","locations":[{"start":{"line":7,"column":39},"end":{"line":7,"column":92}},{"start":{"line":7,"column":95},"end":{"line":7,"column":99}}],"line":7},"2":{"loc":{"start":{"line":10,"column":15},"end":{"line":10,"column":58}},"type":"binary-expr","locations":[{"start":{"line":10,"column":15},"end":{"line":10,"column":29}},{"start":{"line":10,"column":33},"end":{"line":10,"column":45}},{"start":{"line":10,"column":49},"end":{"line":10,"column":58}}],"line":10},"3":{"loc":{"start":{"line":12,"column":8},"end":{"line":16,"column":9}},"type":"if","locations":[{"start":{"line":12,"column":8},"end":{"line":16,"column":9}},{"start":{"line":12,"column":8},"end":{"line":16,"column":9}}],"line":12},"4":{"loc":{"start":{"line":13,"column":19},"end":{"line":13,"column":53}},"type":"cond-expr","locations":[{"start":{"line":13,"column":47},"end":{"line":13,"column":48}},{"start":{"line":13,"column":51},"end":{"line":13,"column":53}}],"line":13},"5":{"loc":{"start":{"line":14,"column":15},"end":{"line":16,"column":9}},"type":"if","locations":[{"start":{"line":14,"column":15},"end":{"line":16,"column":9}},{"start":{"line":14,"column":15},"end":{"line":16,"column":9}}],"line":14},"6":{"loc":{"start":{"line":15,"column":19},"end":{"line":15,"column":47}},"type":"cond-expr","locations":[{"start":{"line":15,"column":41},"end":{"line":15,"column":42}},{"start":{"line":15,"column":45},"end":{"line":15,"column":47}}],"line":15}},"s":{"0":5,"1":15,"2":15,"3":15,"4":15,"5":15,"6":11,"7":7,"8":4,"9":4},"f":{"0":5,"1":15,"2":11},"b":{"0":[3,12],"1":[3,12],"2":[15,14,13],"3":[7,4],"4":[2,5],"5":[4,0],"6":[2,2]},"_coverageSchema":"332fd63041d2c1bcb487cc26dd0d5f7d97098a6c","hash":"327fb987d0b81b31aee85ce4041dc88db2579679"}
,"C:\\Users\\Phil\\WebstormProjects\\udemy-react-course\\expensify-app\\src\\tests\\setupTests.js": {"path":"C:\\Users\\Phil\\WebstormProjects\\udemy-react-course\\expensify-app\\src\\tests\\setupTests.js","statementMap":{"0":{"start":{"line":4,"column":0},"end":{"line":6,"column":3}}},"fnMap":{},"branchMap":{},"s":{"0":14},"f":{},"b":{},"_coverageSchema":"332fd63041d2c1bcb487cc26dd0d5f7d97098a6c","hash":"22fde56463a43c3c799563dbf33d1b9cd4a3f0a0"}
,"C:\\Users\\Phil\\WebstormProjects\\udemy-react-course\\expensify-app\\src\\tests\\fixtures\\expenses.js": {"path":"C:\\Users\\Phil\\WebstormProjects\\udemy-react-course\\expensify-app\\src\\tests\\fixtures\\expenses.js","statementMap":{},"fnMap":{},"branchMap":{},"s":{},"f":{},"b":{},"_coverageSchema":"332fd63041d2c1bcb487cc26dd0d5f7d97098a6c","hash":"35332849c73ed239e5a61b793f0198b7bba2903b"}
,"C:\\Users\\Phil\\WebstormProjects\\udemy-react-course\\expensify-app\\src\\tests\\fixtures\\filters.js": {"path":"C:\\Users\\Phil\\WebstormProjects\\udemy-react-course\\expensify-app\\src\\tests\\fixtures\\filters.js","statementMap":{"0":{"start":{"line":3,"column":16},"end":{"line":8,"column":1}},"1":{"start":{"line":10,"column":19},"end":{"line":15,"column":1}}},"fnMap":{},"branchMap":{},"s":{"0":1,"1":1},"f":{},"b":{},"_coverageSchema":"332fd63041d2c1bcb487cc26dd0d5f7d97098a6c","hash":"ad1435f61a663b06039daafa0fcdab631065d43c"}
}
