TN:
SF:C:\Users\Phil\WebstormProjects\udemy-react-course\expensify-app\src\actions\expenses.js
FN:3,(anonymous_0)
FN:19,(anonymous_1)
FN:24,(anonymous_2)
FNF:3
FNH:3
FNDA:2,(anonymous_0)
FNDA:1,(anonymous_1)
FNDA:1,(anonymous_2)
DA:3,3
DA:8,2
DA:19,3
DA:24,3
LF:4
LH:4
BRDA:4,0,0,1
BRDA:5,1,0,1
BRDA:6,2,0,1
BRDA:7,3,0,1
BRDA:19,4,0,0
BRF:5
BRH:4
end_of_record
TN:
SF:C:\Users\Phil\WebstormProjects\udemy-react-course\expensify-app\src\actions\filters.js
FN:1,(anonymous_0)
FN:6,(anonymous_1)
FN:10,(anonymous_2)
FN:14,(anonymous_3)
FN:19,(anonymous_4)
FNF:5
FNH:5
FNDA:2,(anonymous_0)
FNDA:1,(anonymous_1)
FNDA:1,(anonymous_2)
FNDA:1,(anonymous_3)
FNDA:1,(anonymous_4)
DA:1,3
DA:6,3
DA:10,3
DA:14,3
DA:19,3
LF:5
LH:5
BRDA:1,0,0,1
BRF:1
BRH:1
end_of_record
TN:
SF:C:\Users\Phil\WebstormProjects\udemy-react-course\expensify-app\src\components\AddExpensePage.js
FN:8,(anonymous_0)
FN:12,(anonymous_1)
FN:24,(anonymous_2)
FN:25,(anonymous_3)
FNF:4
FNH:2
FNDA:1,(anonymous_0)
FNDA:2,(anonymous_1)
FNDA:0,(anonymous_2)
FNDA:0,(anonymous_3)
DA:9,1
DA:10,1
DA:13,2
DA:24,1
DA:25,0
LF:5
LH:4
BRF:0
BRH:0
end_of_record
TN:
SF:C:\Users\Phil\WebstormProjects\udemy-react-course\expensify-app\src\components\EditExpensePage.js
FN:8,(anonymous_0)
FN:12,(anonymous_1)
FN:16,(anonymous_2)
FN:29,(anonymous_3)
FN:30,(anonymous_4)
FN:33,(anonymous_5)
FN:34,(anonymous_6)
FN:37,(anonymous_7)
FNF:8
FNH:3
FNDA:1,(anonymous_0)
FNDA:1,(anonymous_1)
FNDA:3,(anonymous_2)
FNDA:0,(anonymous_3)
FNDA:0,(anonymous_4)
FNDA:0,(anonymous_5)
FNDA:0,(anonymous_6)
FNDA:0,(anonymous_7)
DA:9,1
DA:10,1
DA:13,1
DA:14,1
DA:17,3
DA:29,1
DA:30,0
DA:33,1
DA:35,0
DA:38,0
LF:10
LH:7
BRF:0
BRH:0
end_of_record
TN:
SF:C:\Users\Phil\WebstormProjects\udemy-react-course\expensify-app\src\components\ExpenseDashboardPage.js
FN:5,(anonymous_0)
FNF:1
FNH:1
FNDA:1,(anonymous_0)
DA:5,1
DA:6,1
LF:2
LH:2
BRF:0
BRH:0
end_of_record
TN:
SF:C:\Users\Phil\WebstormProjects\udemy-react-course\expensify-app\src\components\ExpenseForm.js
FN:7,(anonymous_0)
FN:20,(anonymous_1)
FN:22,(anonymous_2)
FN:25,(anonymous_3)
FN:27,(anonymous_4)
FN:30,(anonymous_5)
FN:33,(anonymous_6)
FN:37,(anonymous_7)
FN:39,(anonymous_8)
FN:43,(anonymous_9)
FN:44,(anonymous_10)
FN:47,(anonymous_11)
FN:54,(anonymous_12)
FN:58,(anonymous_13)
FN:60,(anonymous_14)
FN:70,(anonymous_15)
FN:94,(anonymous_16)
FNF:17
FNH:15
FNDA:10,(anonymous_0)
FNDA:1,(anonymous_1)
FNDA:1,(anonymous_2)
FNDA:1,(anonymous_3)
FNDA:1,(anonymous_4)
FNDA:2,(anonymous_5)
FNDA:1,(anonymous_6)
FNDA:1,(anonymous_7)
FNDA:1,(anonymous_8)
FNDA:1,(anonymous_9)
FNDA:1,(anonymous_10)
FNDA:0,(anonymous_11)
FNDA:2,(anonymous_12)
FNDA:1,(anonymous_13)
FNDA:1,(anonymous_14)
FNDA:17,(anonymous_15)
FNDA:0,(anonymous_16)
DA:8,10
DA:10,10
DA:21,1
DA:22,1
DA:26,1
DA:27,1
DA:31,2
DA:32,2
DA:33,1
DA:38,1
DA:39,1
DA:44,1
DA:48,0
DA:49,0
DA:51,0
DA:55,2
DA:57,2
DA:58,1
DA:60,1
DA:61,1
DA:71,17
DA:94,0
LF:22
LH:18
BRDA:11,0,0,2
BRDA:11,0,1,8
BRDA:12,1,0,2
BRDA:12,1,1,8
BRDA:13,2,0,2
BRDA:13,2,1,8
BRDA:14,3,0,2
BRDA:14,3,1,8
BRDA:32,4,0,1
BRDA:32,4,1,1
BRDA:32,5,0,2
BRDA:32,5,1,2
BRDA:38,6,0,1
BRDA:38,6,1,0
BRDA:48,7,0,0
BRDA:48,7,1,0
BRDA:57,8,0,1
BRDA:57,8,1,1
BRDA:57,9,0,2
BRDA:57,9,1,1
BRDA:73,10,0,17
BRDA:73,10,1,1
BRF:22
BRH:19
end_of_record
TN:
SF:C:\Users\Phil\WebstormProjects\udemy-react-course\expensify-app\src\components\ExpenseList.js
FN:6,(anonymous_0)
FN:12,(anonymous_1)
FN:20,(anonymous_2)
FNF:3
FNH:2
FNDA:2,(anonymous_0)
FNDA:3,(anonymous_1)
FNDA:0,(anonymous_2)
DA:6,2
DA:7,2
DA:13,3
DA:20,2
DA:21,0
LF:5
LH:4
BRDA:9,0,0,1
BRDA:9,0,1,1
BRF:2
BRH:2
end_of_record
TN:
SF:C:\Users\Phil\WebstormProjects\udemy-react-course\expensify-app\src\components\ExpenseListFilters.js
FN:11,(anonymous_0)
FN:16,(anonymous_1)
FN:17,(anonymous_2)
FN:20,(anonymous_3)
FN:24,(anonymous_4)
FN:32,(anonymous_5)
FN:55,(anonymous_6)
FN:62,(anonymous_7)
FN:66,(anonymous_8)
FN:67,(anonymous_9)
FN:68,(anonymous_10)
FN:69,(anonymous_11)
FN:70,(anonymous_12)
FN:71,(anonymous_13)
FNF:14
FNH:6
FNDA:1,(anonymous_0)
FNDA:1,(anonymous_1)
FNDA:1,(anonymous_2)
FNDA:1,(anonymous_3)
FNDA:2,(anonymous_4)
FNDA:10,(anonymous_5)
FNDA:0,(anonymous_6)
FNDA:0,(anonymous_7)
FNDA:0,(anonymous_8)
FNDA:0,(anonymous_9)
FNDA:0,(anonymous_10)
FNDA:0,(anonymous_11)
FNDA:0,(anonymous_12)
FNDA:0,(anonymous_13)
DA:12,1
DA:13,1
DA:17,1
DA:21,1
DA:25,2
DA:26,1
DA:27,1
DA:28,1
DA:33,10
DA:55,0
DA:62,2
DA:66,2
DA:67,0
DA:68,0
DA:69,0
DA:70,0
DA:71,0
LF:17
LH:11
BRDA:25,0,0,1
BRDA:25,0,1,1
BRDA:27,1,0,1
BRDA:27,1,1,0
BRF:4
BRH:3
end_of_record
TN:
SF:C:\Users\Phil\WebstormProjects\udemy-react-course\expensify-app\src\components\ExpenseListItem.js
FN:4,(anonymous_0)
FNF:1
FNH:1
FNDA:1,(anonymous_0)
DA:4,3
DA:5,1
LF:2
LH:2
BRF:0
BRH:0
end_of_record
TN:
SF:C:\Users\Phil\WebstormProjects\udemy-react-course\expensify-app\src\components\Header.js
FN:4,(anonymous_0)
FNF:1
FNH:1
FNDA:1,(anonymous_0)
DA:4,1
DA:5,1
LF:2
LH:2
BRF:0
BRH:0
end_of_record
TN:
SF:C:\Users\Phil\WebstormProjects\udemy-react-course\expensify-app\src\components\NotFoundPage.js
FN:4,(anonymous_0)
FNF:1
FNH:1
FNDA:1,(anonymous_0)
DA:4,1
DA:5,1
LF:2
LH:2
BRF:0
BRH:0
end_of_record
TN:
SF:C:\Users\Phil\WebstormProjects\udemy-react-course\expensify-app\src\reducers\expenses.js
FN:1,(anonymous_0)
FN:9,(anonymous_1)
FN:11,(anonymous_2)
FNF:3
FNH:3
FNDA:6,(anonymous_0)
FNDA:6,(anonymous_1)
FNDA:6,(anonymous_2)
DA:2,6
DA:4,1
DA:9,6
DA:11,2
DA:12,6
DA:13,1
DA:18,5
DA:22,1
LF:8
LH:8
BRDA:1,0,0,1
BRDA:2,1,0,1
BRDA:2,1,1,2
BRDA:2,1,2,2
BRDA:2,1,3,1
BRDA:12,2,0,1
BRDA:12,2,1,5
BRF:7
BRH:7
end_of_record
TN:
SF:C:\Users\Phil\WebstormProjects\udemy-react-course\expensify-app\src\reducers\filters.js
FN:10,(anonymous_0)
FNF:1
FNH:1
FNDA:6,(anonymous_0)
DA:3,1
DA:11,6
DA:13,1
DA:18,1
DA:23,1
DA:28,1
DA:33,1
DA:38,1
LF:8
LH:8
BRDA:10,0,0,5
BRDA:11,1,0,1
BRDA:11,1,1,1
BRDA:11,1,2,1
BRDA:11,1,3,1
BRDA:11,1,4,1
BRDA:11,1,5,1
BRF:7
BRH:7
end_of_record
TN:
SF:C:\Users\Phil\WebstormProjects\udemy-react-course\expensify-app\src\selectors\expenses.js
FN:3,(anonymous_0)
FN:4,(anonymous_1)
FN:11,(anonymous_2)
FNF:3
FNH:3
FNDA:5,(anonymous_0)
FNDA:15,(anonymous_1)
FNDA:11,(anonymous_2)
DA:4,5
DA:5,15
DA:6,15
DA:7,15
DA:8,15
DA:10,15
DA:12,11
DA:13,7
DA:14,4
DA:15,4
LF:10
LH:10
BRDA:6,0,0,3
BRDA:6,0,1,12
BRDA:7,1,0,3
BRDA:7,1,1,12
BRDA:10,2,0,15
BRDA:10,2,1,14
BRDA:10,2,2,13
BRDA:12,3,0,7
BRDA:12,3,1,4
BRDA:13,4,0,2
BRDA:13,4,1,5
BRDA:14,5,0,4
BRDA:14,5,1,0
BRDA:15,6,0,2
BRDA:15,6,1,2
BRF:15
BRH:14
end_of_record
TN:
SF:C:\Users\Phil\WebstormProjects\udemy-react-course\expensify-app\src\tests\setupTests.js
FNF:0
FNH:0
DA:4,14
LF:1
LH:1
BRF:0
BRH:0
end_of_record
TN:
SF:C:\Users\Phil\WebstormProjects\udemy-react-course\expensify-app\src\tests\fixtures\expenses.js
FNF:0
FNH:0
LF:0
LH:0
BRF:0
BRH:0
end_of_record
TN:
SF:C:\Users\Phil\WebstormProjects\udemy-react-course\expensify-app\src\tests\fixtures\filters.js
FNF:0
FNH:0
DA:3,1
DA:10,1
LF:2
LH:2
BRF:0
BRH:0
end_of_record
